
@----------------------------------------------------------@
|        PLINK!       |     v1.07      |   10/Aug/2009     |
|----------------------------------------------------------|
|  (C) 2009 Shaun Purcell, GNU General Public License, v2  |
|----------------------------------------------------------|
|  For documentation, citation & bug-report instructions:  |
|        http://pngu.mgh.harvard.edu/purcell/plink/        |
@----------------------------------------------------------@

Skipping web check... [ --noweb ] 
Writing this text to log file [ 6000_EGA_SNPs.log ]
Analysis started: Fri Apr  7 16:31:43 2017

Options in effect:
	--noweb
	--bfile 8000_EGA_SNPs
	--extract extrat.snps
	--recodeA
	--make-bed
	--out 6000_EGA_SNPs

Reading map (extended format) from [ 8000_EGA_SNPs.bim ] 
8000 markers to be included from [ 8000_EGA_SNPs.bim ]
Reading pedigree information from [ 8000_EGA_SNPs.fam ] 
4804 individuals read from [ 8000_EGA_SNPs.fam ] 
4804 individuals with nonmissing phenotypes
Assuming a disease phenotype (1=unaff, 2=aff, 0=miss)
Missing phenotype value is also -9
1868 cases, 2936 controls and 0 missing
2141 males, 2663 females, and 0 of unspecified sex
Reading genotype bitfile from [ 8000_EGA_SNPs.bed ] 
Detected that binary PED file is v1.00 SNP-major mode
Reading list of SNPs to extract [ extrat.snps ] ... 6000 read
Before frequency and genotyping pruning, there are 6000 SNPs
4804 founders and 0 non-founders found
Total genotyping rate in remaining individuals is 0.994846
0 SNPs failed missingness test ( GENO > 1 )
0 SNPs failed frequency test ( MAF < 0 )
After frequency and genotyping pruning, there are 6000 SNPs
After filtering, 1868 cases, 2936 controls and 0 missing
After filtering, 2141 males, 2663 females, and 0 of unspecified sex
Writing pedigree information to [ 6000_EGA_SNPs.fam ] 
Writing map (extended format) information to [ 6000_EGA_SNPs.bim ] 
Writing genotype bitfile to [ 6000_EGA_SNPs.bed ] 
Using (default) SNP-major mode

Analysis finished: Fri Apr  7 16:31:45 2017

